Android/AppMediaEscolar/app/build/intermediates/manifest_merge_blame_file/debug/manifest-merger-blame-debug-report.txt
1<?xml version="1.0" encoding="utf-8"?>
2<manifest xmlns:android="http://schemas.android.com/apk/res/android"
3    package="com.example.appmediaescolar"
4    android:versionCode="1"
5    android:versionName="1.0" >
6
7    <uses-sdk
8        android:minSdkVersion="15"
8-->src\main\AndroidManifest.xml
9        android:targetSdkVersion="29" />
9-->src\main\AndroidManifest.xml
10
11    <application
11-->src\main\AndroidManifest.xml:5:5-38:19
12        android:allowBackup="true"
12-->src\main\AndroidManifest.xml:6:9-35
13        android:appComponentFactory="androidx.core.app.CoreComponentFactory"
13-->[androidx.core:core:1.0.1] AndroidManifest.xml:22:18-86
14        android:debuggable="true"
15        android:icon="@mipmap/ic_launcher"
15-->src\main\AndroidManifest.xml:7:9-43
16        android:label="@string/app_name"
16-->src\main\AndroidManifest.xml:8:9-41
17        android:roundIcon="@mipmap/ic_launcher_round"
17-->src\main\AndroidManifest.xml:9:9-54
18        android:supportsRtl="true"
18-->src\main\AndroidManifest.xml:10:9-35
19        android:testOnly="true"
20        android:theme="@style/AppTheme" >
20-->src\main\AndroidManifest.xml:11:9-40
21        <activity
21-->src\main\AndroidManifest.xml:12:9-21:20
22            android:name="com.example.appmediaescolar.MainActivity"
22-->src\main\AndroidManifest.xml:13:13-41
23            android:label="@string/app_name"
23-->src\main\AndroidManifest.xml:14:13-45
24            android:theme="@style/AppTheme.NoActionBar" >
24-->src\main\AndroidManifest.xml:15:13-56
25            <intent-filter>
25-->src\main\AndroidManifest.xml:16:13-20:29
26                <action android:name="android.intent.action.MAIN" />
26-->src\main\AndroidManifest.xml:17:17-69
26-->src\main\AndroidManifest.xml:17:25-66
27
28                <category android:name="android.intent.category.LAUNCHER" />
28-->src\main\AndroidManifest.xml:19:17-77
28-->src\main\AndroidManifest.xml:19:27-74
29            </intent-filter>
30        </activity>
31        <activity
31-->src\main\AndroidManifest.xml:22:9-25:58
32            android:name="com.example.appmediaescolar.PrimeiroBimestreActivity"
32-->src\main\AndroidManifest.xml:23:13-53
33            android:label="@string/app_name"
33-->src\main\AndroidManifest.xml:24:13-45
34            android:theme="@style/AppTheme.NoActionBar" />
34-->src\main\AndroidManifest.xml:25:13-56
35        <activity
35-->src\main\AndroidManifest.xml:26:9-29:58
36            android:name="com.example.appmediaescolar.SegundoBimestreActivity"
36-->src\main\AndroidManifest.xml:27:13-52
37            android:label="@string/app_name"
37-->src\main\AndroidManifest.xml:28:13-45
38            android:theme="@style/AppTheme.NoActionBar" />
38-->src\main\AndroidManifest.xml:29:13-56
39        <activity
39-->src\main\AndroidManifest.xml:30:9-33:58
40            android:name="com.example.appmediaescolar.TerceiroBimestreActivity"
40-->src\main\AndroidManifest.xml:31:13-53
41            android:label="@string/app_name"
41-->src\main\AndroidManifest.xml:32:13-45
42            android:theme="@style/AppTheme.NoActionBar" />
42-->src\main\AndroidManifest.xml:33:13-56
43        <activity
43-->src\main\AndroidManifest.xml:34:9-37:58
44            android:name="com.example.appmediaescolar.QuartoBimestreActivity"
44-->src\main\AndroidManifest.xml:35:13-51
45            android:label="@string/app_name"
45-->src\main\AndroidManifest.xml:36:13-45
46            android:theme="@style/AppTheme.NoActionBar" />
46-->src\main\AndroidManifest.xml:37:13-56
47    </application>
48
49</manifest>